  Game.cpp
C:\Users\PC\Desktop\Visual Studio\C++\Project Maya\include\SFML\System\Exception.hpp(41,47): warning C4275: non dll-interface class 'std::runtime_error' used as base for dll-interface class 'sf::Exception'
  (compiling source file 'src/Game/Game.cpp')
      C:\Program Files\Microsoft Visual Studio\2022\Community\VC\Tools\MSVC\14.43.34808\include\stdexcept(100,19):
      see declaration of 'std::runtime_error'
      C:\Users\PC\Desktop\Visual Studio\C++\Project Maya\include\SFML\System\Exception.hpp(41,23):
      see declaration of 'sf::Exception'
  
  main.cpp
C:\Users\PC\Desktop\Visual Studio\C++\Project Maya\include\SFML\System\Exception.hpp(41,47): warning C4275: non dll-interface class 'std::runtime_error' used as base for dll-interface class 'sf::Exception'
  (compiling source file 'src/main.cpp')
      C:\Program Files\Microsoft Visual Studio\2022\Community\VC\Tools\MSVC\14.43.34808\include\stdexcept(100,19):
      see declaration of 'std::runtime_error'
      C:\Users\PC\Desktop\Visual Studio\C++\Project Maya\include\SFML\System\Exception.hpp(41,23):
      see declaration of 'sf::Exception'
  
  Player.cpp
C:\Users\PC\Desktop\Visual Studio\C++\Project Maya\include\SFML\System\Exception.hpp(41,47): warning C4275: non dll-interface class 'std::runtime_error' used as base for dll-interface class 'sf::Exception'
  (compiling source file 'src/Player/Player.cpp')
      C:\Program Files\Microsoft Visual Studio\2022\Community\VC\Tools\MSVC\14.43.34808\include\stdexcept(100,19):
      see declaration of 'std::runtime_error'
      C:\Users\PC\Desktop\Visual Studio\C++\Project Maya\include\SFML\System\Exception.hpp(41,23):
      see declaration of 'sf::Exception'
  
  Generating Code...
  Project Maya.vcxproj -> C:\Users\PC\Desktop\Visual Studio\C++\Project Maya\x64\Debug\Project Maya.exe
